Summary of SPARK analysis
=========================

---------------------------------------------------------------------------------------------------------
SPARK Analysis results        Total        Flow   Interval   CodePeer      Provers   Justified   Unproved
---------------------------------------------------------------------------------------------------------
Data Dependencies                 .           .          .          .            .           .          .
Flow Dependencies                 .           .          .          .            .           .          .
Initialization                   19          19          .          .            .           .          .
Non-Aliasing                      .           .          .          .            .           .          .
Run-time Checks                  42           .          .          .    42 (CVC4)           .          .
Assertions                        8           .          .          .     8 (CVC4)           .          .
Functional Contracts              5           .          .          .     5 (CVC4)           .          .
LSP Verification                  .           .          .          .            .           .          .
---------------------------------------------------------------------------------------------------------
Total                            74    19 (26%)          .          .     55 (74%)           .          .


Analyzed 3 units
in unit functions, 6 subprograms and packages out of 6 analyzed
  Functions at functions.ads:2 flow analyzed (0 errors, 0 checks and 0 warnings) and proved (0 checks)
  Functions.MidTerm at functions.ads:69 flow analyzed (0 errors, 0 checks and 0 warnings) and proved (15 checks)
  Functions.MultVector at functions.ads:54 flow analyzed (0 errors, 0 checks and 0 warnings) and proved (13 checks)
  Functions.PositiveOrNegative at functions.ads:23 flow analyzed (0 errors, 0 checks and 0 warnings) and proved (1 checks)
  Functions.PositiveOrNegativeVector at functions.ads:39 flow analyzed (0 errors, 0 checks and 0 warnings) and proved (14 checks)
  Functions.Sucesion at functions.ads:6 flow analyzed (0 errors, 0 checks and 0 warnings) and proved (12 checks)
in unit programacion, 2 subprograms and packages out of 2 analyzed
  programacion at programacion.ads:1 flow analyzed (0 errors, 0 checks and 0 warnings)
  programacion.DecimalToBinary at programacion.ads:5 flow analyzed (0 errors, 0 checks and 0 warnings)
in unit test_functions, 0 subprograms and packages out of 1 analyzed
  Test_Functions at test_functions.adb:8 skipped
